Setting CUDA device
Setting CUDA device
Setting CUDA device
Setting CUDA device
Setting CUDA device
Setting CUDA device
Setting CUDA device
Setting CUDA device
Setting CUDA device
Setting CUDA device
Setting CUDA device
GPU properties
  Compute capability (major,minor)    : 8,0
  Shared memory                       : 48 KB
  Max grid  (x,y,z)                   : (1073741824,32768,32768)
  Max block (x,y,z)                   : (1024,1024,64)
  GPU memory (free,total)             : 39902/40326 MB
Initializing QMP part
GPU properties
  Compute capability (major,minor)    : 8,0
  Shared memory                       : 48 KB
  Max grid  (x,y,z)                   : (1073741824,32768,32768)
  Max block (x,y,z)                   : (1024,1024,64)
  GPU memory (free,total)             : 39902/40326 MB
Initializing QMP part
GPU properties
  Compute capability (major,minor)    : 8,0
  Shared memory                       : 48 KB
  Max grid  (x,y,z)                   : (1073741824,32768,32768)
  Max block (x,y,z)                   : (1024,1024,64)
  GPU memory (free,total)             : 39902/40326 MB
Initializing QMP part
GPU properties
  Compute capability (major,minor)    : 8,0
  Shared memory                       : 48 KB
  Max grid  (x,y,z)                   : (1073741824,32768,32768)
  Max block (x,y,z)                   : (1024,1024,64)
  GPU memory (free,total)             : 39902/40326 MB
Initializing QMP part
Setting CUDA device
Setting CUDA device
GPU properties
  Compute capability (major,minor)    : 8,0
  Shared memory                       : 48 KB
  Max grid  (x,y,z)                   : (1073741824,32768,32768)
  Max block (x,y,z)                   : (1024,1024,64)
  GPU memory (free,total)             : 39902/40326 MB
Initializing QMP part
GPU properties
  Compute capability (major,minor)    : 8,0
  Shared memory                       : 48 KB
  Max grid  (x,y,z)                   : (1073741824,32768,32768)
  Max block (x,y,z)                   : (1024,1024,64)
  GPU memory (free,total)             : 39902/40326 MB
Initializing QMP part
GPU properties
  Compute capability (major,minor)    : 8,0
  Shared memory                       : 48 KB
  Max grid  (x,y,z)                   : (1073741824,32768,32768)
  Max block (x,y,z)                   : (1024,1024,64)
  GPU memory (free,total)             : 39902/40326 MB
Initializing QMP part
GPU properties
  Compute capability (major,minor)    : 8,0
  Shared memory                       : 48 KB
  Max grid  (x,y,z)                   : (1073741824,32768,32768)
  Max block (x,y,z)                   : (1024,1024,64)
  GPU memory (free,total)             : 39902/40326 MB
Initializing QMP part
Setting CUDA device
Setting CUDA device
Setting CUDA device
GPU properties
  Compute capability (major,minor)    : 8,0
  Shared memory                       : 48 KB
  Max grid  (x,y,z)                   : (1073741824,32768,32768)
  Max block (x,y,z)                   : (1024,1024,64)
  GPU memory (free,total)             : 39902/40326 MB
Initializing QMP part
GPU properties
  Compute capability (major,minor)    : 8,0
  Shared memory                       : 48 KB
  Max grid  (x,y,z)                   : (1073741824,32768,32768)
  Max block (x,y,z)                   : (1024,1024,64)
  GPU memory (free,total)             : 39902/40326 MB
Initializing QMP part
GPU properties
  Compute capability (major,minor)    : 8,0
  Shared memory                       : 48 KB
  Max grid  (x,y,z)                   : (1073741824,32768,32768)
  Max block (x,y,z)                   : (1024,1024,64)
  GPU memory (free,total)             : 39902/40326 MB
Initializing QMP part
GPU properties
  Compute capability (major,minor)    : 8,0
  Shared memory                       : 48 KB
  Max grid  (x,y,z)                   : (1073741824,32768,32768)
  Max block (x,y,z)                   : (1024,1024,64)
  GPU memory (free,total)             : 39902/40326 MB
Initializing QMP part
GPU properties
  Compute capability (major,minor)    : 8,0
  Shared memory                       : 48 KB
  Max grid  (x,y,z)                   : (1073741824,32768,32768)
  Max block (x,y,z)                   : (1024,1024,64)
  GPU memory (free,total)             : 39902/40326 MB
Initializing QMP part
GPU properties
  Compute capability (major,minor)    : 8,0
  Shared memory                       : 48 KB
  Max grid  (x,y,z)                   : (1073741824,32768,32768)
  Max block (x,y,z)                   : (1024,1024,64)
  GPU memory (free,total)             : 39902/40326 MB
Initializing QMP part
GPU properties
  Compute capability (major,minor)    : 8,0
  Shared memory                       : 48 KB
  Max grid  (x,y,z)                   : (1073741824,32768,32768)
  Max block (x,y,z)                   : (1024,1024,64)
  GPU memory (free,total)             : 39902/40326 MB
Initializing QMP part
GPU properties
  Compute capability (major,minor)    : 8,0
  Shared memory                       : 48 KB
  Max grid  (x,y,z)                   : (1073741824,32768,32768)
  Max block (x,y,z)                   : (1024,1024,64)
  GPU memory (free,total)             : 39902/40326 MB
Initializing QMP part
Setting CUDA device
Setting CUDA device
Setting CUDA device
Setting CUDA device
Setting CUDA device
Setting CUDA device
Setting CUDA device
Setting CUDA device
Setting CUDA device
Setting CUDA device
Setting CUDA device
Setting CUDA device
Setting CUDA device
Setting CUDA device
Setting CUDA device
Setting CUDA device
GPU properties
  Compute capability (major,minor)    : 8,0
  Shared memory                       : 48 KB
  Max grid  (x,y,z)                   : (1073741824,32768,32768)
  Max block (x,y,z)                   : (1024,1024,64)
  GPU memory (free,total)             : 39902/40326 MB
Initializing QMP part
GPU properties
  Compute capability (major,minor)    : 8,0
  Shared memory                       : 48 KB
  Max grid  (x,y,z)                   : (1073741824,32768,32768)
  Max block (x,y,z)                   : (1024,1024,64)
  GPU memory (free,total)             : 39902/40326 MB
Initializing QMP part
GPU properties
  Compute capability (major,minor)    : 8,0
  Shared memory                       : 48 KB
  Max grid  (x,y,z)                   : (1073741824,32768,32768)
  Max block (x,y,z)                   : (1024,1024,64)
  GPU memory (free,total)             : 39902/40326 MB
Initializing QMP part
GPU properties
  Compute capability (major,minor)    : 8,0
  Shared memory                       : 48 KB
  Max grid  (x,y,z)                   : (1073741824,32768,32768)
  Max block (x,y,z)                   : (1024,1024,64)
  GPU memory (free,total)             : 39902/40326 MB
Initializing QMP part
GPU properties
  Compute capability (major,minor)    : 8,0
  Shared memory                       : 48 KB
  Max grid  (x,y,z)                   : (1073741824,32768,32768)
  Max block (x,y,z)                   : (1024,1024,64)
  GPU memory (free,total)             : 39902/40326 MB
Initializing QMP part
GPU properties
  Compute capability (major,minor)    : 8,0
  Shared memory                       : 48 KB
  Max grid  (x,y,z)                   : (1073741824,32768,32768)
  Max block (x,y,z)                   : (1024,1024,64)
  GPU memory (free,total)             : 39902/40326 MB
Initializing QMP part
GPU properties
  Compute capability (major,minor)    : 8,0
  Shared memory                       : 48 KB
  Max grid  (x,y,z)                   : (1073741824,32768,32768)
  Max block (x,y,z)                   : (1024,1024,64)
  GPU memory (free,total)             : 39902/40326 MB
Initializing QMP part
GPU properties
  Compute capability (major,minor)    : 8,0
  Shared memory                       : 48 KB
  Max grid  (x,y,z)                   : (1073741824,32768,32768)
  Max block (x,y,z)                   : (1024,1024,64)
  GPU memory (free,total)             : 39902/40326 MB
Initializing QMP part
GPU properties
  Compute capability (major,minor)    : 8,0
  Shared memory                       : 48 KB
  Max grid  (x,y,z)                   : (1073741824,32768,32768)
  Max block (x,y,z)                   : (1024,1024,64)
  GPU memory (free,total)             : 39902/40326 MB
Initializing QMP part
GPU properties
  Compute capability (major,minor)    : 8,0
  Shared memory                       : 48 KB
  Max grid  (x,y,z)                   : (1073741824,32768,32768)
  Max block (x,y,z)                   : (1024,1024,64)
  GPU memory (free,total)             : 39902/40326 MB
Initializing QMP part
GPU properties
  Compute capability (major,minor)    : 8,0
  Shared memory                       : 48 KB
  Max grid  (x,y,z)                   : (1073741824,32768,32768)
  Max block (x,y,z)                   : (1024,1024,64)
  GPU memory (free,total)             : 39902/40326 MB
Initializing QMP part
GPU properties
  Compute capability (major,minor)    : 8,0
  Shared memory                       : 48 KB
  Max grid  (x,y,z)                   : (1073741824,32768,32768)
  Max block (x,y,z)                   : (1024,1024,64)
  GPU memory (free,total)             : 39902/40326 MB
Initializing QMP part
GPU properties
  Compute capability (major,minor)    : 8,0
  Shared memory                       : 48 KB
  Max grid  (x,y,z)                   : (1073741824,32768,32768)
  Max block (x,y,z)                   : (1024,1024,64)
  GPU memory (free,total)             : 39902/40326 MB
Initializing QMP part
GPU properties
  Compute capability (major,minor)    : 8,0
  Shared memory                       : 48 KB
  Max grid  (x,y,z)                   : (1073741824,32768,32768)
  Max block (x,y,z)                   : (1024,1024,64)
  GPU memory (free,total)             : 39902/40326 MB
Initializing QMP part
GPU properties
  Compute capability (major,minor)    : 8,0
  Shared memory                       : 48 KB
  Max grid  (x,y,z)                   : (1073741824,32768,32768)
  Max block (x,y,z)                   : (1024,1024,64)
  GPU memory (free,total)             : 39902/40326 MB
Initializing QMP part
GPU properties
  Compute capability (major,minor)    : 8,0
  Shared memory                       : 48 KB
  Max grid  (x,y,z)                   : (1073741824,32768,32768)
  Max block (x,y,z)                   : (1024,1024,64)
  GPU memory (free,total)             : 39902/40326 MB
Initializing QMP part
Initialize done
Initializing QUDA device (using CUDA device no. 0)
QUDA 1.1.0 (git 1.1.0-bb6aac0b5-dirty-sm_80)
CUDA Driver version = 12040
CUDA Runtime version = 11070
Graphic driver version = 550.127.08
Found device 0: NVIDIA A100-SXM4-40GB
Found device 1: NVIDIA A100-SXM4-40GB
Found device 2: NVIDIA A100-SXM4-40GB
Found device 3: NVIDIA A100-SXM4-40GB
Using device 0: NVIDIA A100-SXM4-40GB
WARNING: Data reordering done on GPU (set with QUDA_REORDER_LOCATION=GPU/CPU)
Initializing QDP-JIT GPUs
LLVM initialization
  Target machine CPU                  : sm_80
  Target triple                       : nvptx64-nvidia-cuda
Initializing QUDA memory
Peer-to-peer enabled for rank   0 (gpu=0) with neighbor   1 (gpu=1) dir=0, dim=1, access rank = (  0)
Peer-to-peer enabled for rank   0 (gpu=0) with neighbor   2 (gpu=2) dir=0, dim=2, access rank = (  0)
Peer-to-peer enabled for rank   0 (gpu=0) with neighbor   1 (gpu=1) dir=1, dim=1, access rank = (  0)
Peer-to-peer enabled for rank   0 (gpu=0) with neighbor   2 (gpu=2) dir=1, dim=2, access rank = (  0)
WARNING: Environment variable QUDA_RESOURCE_PATH is not set.
WARNING: Caching of tuned parameters will be disabled.
WARNING: Environment variable QUDA_RESOURCE_PATH is not set.
WARNING: Caching of tuned parameters will be disabled.
WARNING: Using device memory pool allocator
WARNING: Using pinned memory pool allocator
cublasCreated successfully
Linkage = bool Chroma::MapObjectDiskEnv::registerAll(): registering map obj key colorvec
0
InlineMeasurements are: 
<InlineMeasurements>



    <elem>
      <annotation>FLOWED_0p0</annotation>
      <Name>WEINBERG_GGG</Name>
      <Frequency>1</Frequency>
      <Param>
        <version>1</version>
      </Param>

      <NamedObject>
       <gauge_id>default_gauge_field</gauge_id>
      </NamedObject>
    </elem>

 

    <elem>
      <Name>LINK_SMEAR</Name>
      <Frequency>1</Frequency>
      <Param>
        <version>1</version>
        <LinkSmearingType>WILSON_FLOW_SMEAR</LinkSmearingType>
        <wtime>8</wtime>
        <nstep>800</nstep>
       </Param>
       <NamedObject>
        <gauge_id>default_gauge_field</gauge_id>
        <linksmear_id>wf_8p0_gauge_field</linksmear_id>
       </NamedObject>
    </elem>


    <elem>
      <annotation>FLOWED_0p1</annotation>
      <Name>WEINBERG_GGG</Name>
      <Frequency>1</Frequency>
      <Param>
        <version>1</version>
      </Param>

      <NamedObject>
       <gauge_id>wf_8p0_gauge_field</gauge_id>
      </NamedObject>
    </elem>


    <elem>
      <Name>LINK_SMEAR</Name>
      <Frequency>1</Frequency>
      <Param>
        <version>1</version>
        <LinkSmearingType>WILSON_FLOW_SMEAR</LinkSmearingType>
        <wtime>4.5</wtime>
        <nstep>450</nstep>
       </Param>
       <NamedObject>
        <gauge_id>wf_8p0_gauge_field</gauge_id>
        <linksmear_id>wf_12p5_gauge_field</linksmear_id>
       </NamedObject>
    </elem>


    <elem>
        <Name>ERASE_NAMED_OBJECT</Name>
        <Frequency>1</Frequency>
        <NamedObject>
            <object_id>wf_8p0_gauge_field</object_id>
        </NamedObject>
    </elem>


    <elem>
      <annotation>FLOWED_0p3</annotation>
      <Name>WEINBERG_GGG</Name>
      <Frequency>1</Frequency>
      <Param>
        <version>1</version>
      </Param>

      <NamedObject>
       <gauge_id>wf_12p5_gauge_field</gauge_id>
      </NamedObject>
    </elem>


    <elem>
      <Name>LINK_SMEAR</Name>
      <Frequency>1</Frequency>
      <Param>
        <version>1</version>
        <LinkSmearingType>WILSON_FLOW_SMEAR</LinkSmearingType>
        <wtime>5.5</wtime>
        <nstep>550</nstep>
       </Param>
       <NamedObject>
        <gauge_id>wf_12p5_gauge_field</gauge_id>
        <linksmear_id>wf_18p5_gauge_field</linksmear_id>
       </NamedObject>
    </elem>


    <elem>
        <Name>ERASE_NAMED_OBJECT</Name>
        <Frequency>1</Frequency>
        <NamedObject>
            <object_id>wf_12p5_gauge_field</object_id>
        </NamedObject>
    </elem>


    <elem>
      <annotation>FLOWED_0p3</annotation>
      <Name>WEINBERG_GGG</Name>
      <Frequency>1</Frequency>
      <Param>
        <version>1</version>
      </Param>

      <NamedObject>
       <gauge_id>wf_18p5_gauge_field</gauge_id>
      </NamedObject>
    </elem>




    
  </InlineMeasurements>

Lattice initialized:
  problem size = 32 32 32 64
  layout size = 16 32 32 64
  logical machine size = 1 2 2 8
  subgrid size = 32 16 16 8
  total number of nodes = 32
  total volume = 2097152
  subgrid volume = 65536
Memory pool config:
  memory pool size (per fraction)     : 36709 MB
Base precision                        : 64
Accurate timing                       : 0
Code generation:
  CUDA flush denormals to zero        : 0
  Shift optimization                  : 0
  Propagator optimization             : 1
Launch configuration:
  Threads per block                   : 128
  Using GPU direct                    : 0
Finished init of RNG
Finished lattice layout
CHROMA: Attempt to read gauge field
CHROMA: Gauge initialization: cfg_type = SCIDAC
Parallel IO read
Reading Double Precision
QIO_read_finished
CHROMA: Gauge field successfully read: time= 1.533839 secs
CHROMA: initial plaquette measurement time=2.09031 secs
CHROMA: There are 9 measurements 
CHROMA: parsing inline measurements time=0.001815 secs
CHROMA: Doing 9 measurements
ggg = ( 46.3804121159117 , 0 )
qtop sum vlaue = ( 10.387750840275 , 0 )
WEINBERG_GGG: Total Time = 14.58259 secs
Link smearing type = WILSON_FLOW_SMEAR
WilsonFlow Smear gauge field
Gauge field WilsonFlow-smeared!
LINK_SMEAR: total time = 36.109079 secs
LINK_SMEAR: ran successfully
ggg = ( 135.303194986593 , 0 )
qtop sum vlaue = ( -0.0312151352327574 , 0 )
WEINBERG_GGG: Total Time = 0.717569 secs
Link smearing type = WILSON_FLOW_SMEAR
WilsonFlow Smear gauge field
Gauge field WilsonFlow-smeared!
LINK_SMEAR: total time = 13.260308 secs
LINK_SMEAR: ran successfully
ERASE_NAMED_OBJECT: object erase
Attempt to erase object name = wf_8p0_gauge_field
Object erased
ERASE_NAMED_OBJECT: ran successfully
ggg = ( 149.906704192432 , 0 )
qtop sum vlaue = ( -0.00166801580337506 , 0 )
WEINBERG_GGG: Total Time = 0.708939 secs
Link smearing type = WILSON_FLOW_SMEAR
WilsonFlow Smear gauge field
Gauge field WilsonFlow-smeared!
LINK_SMEAR: total time = 16.188568 secs
LINK_SMEAR: ran successfully
ERASE_NAMED_OBJECT: object erase
Attempt to erase object name = wf_12p5_gauge_field
Object erased
ERASE_NAMED_OBJECT: ran successfully
ggg = ( 224.914728716735 , 0 )
qtop sum vlaue = ( 0.881591046754204 , 0 )
WEINBERG_GGG: Total Time = 0.710377 secs
CHROMA: measurements: time= 82.279467 secs
CHROMA: total time = 86.951799 secs
CHROMA: ran successfully

               initQuda Total time =    19.167 secs
                     init     =    19.166 secs ( 99.994%),	 with        2 calls at 9.583e+06 us per call
        total accounted       =    19.166 secs ( 99.994%)
        total missing         =     0.001 secs (  0.006%)

                endQuda Total time =     0.006 secs

       initQuda-endQuda Total time =   106.207 secs

                   QUDA Total time =    19.171 secs
                     init     =    19.166 secs ( 99.973%),	 with        2 calls at 9.583e+06 us per call
        total accounted       =    19.166 secs ( 99.973%)
        total missing         =     0.005 secs (  0.027%)

Device memory used = 0.0 MiB
Pinned device memory used = 0.0 MiB
Managed memory used = 0.0 MiB
Shmem memory used = 0.0 MiB
Page-locked host memory used = 0.0 MiB
Total host memory used >= 0.0 MiB

Peer-to-peer enabled for rank  20 (gpu=0) with neighbor  21 (gpu=1) dir=0, dim=1, access rank = (  0)
Peer-to-peer enabled for rank  20 (gpu=0) with neighbor  22 (gpu=2) dir=0, dim=2, access rank = (  0)
Peer-to-peer enabled for rank  20 (gpu=0) with neighbor  21 (gpu=1) dir=1, dim=1, access rank = (  0)
Peer-to-peer enabled for rank  20 (gpu=0) with neighbor  22 (gpu=2) dir=1, dim=2, access rank = (  0)
Peer-to-peer enabled for rank  21 (gpu=1) with neighbor  20 (gpu=0) dir=0, dim=1, access rank = (  0)
Peer-to-peer enabled for rank  21 (gpu=1) with neighbor  23 (gpu=3) dir=0, dim=2, access rank = (  0)
Peer-to-peer enabled for rank  21 (gpu=1) with neighbor  20 (gpu=0) dir=1, dim=1, access rank = (  0)
Peer-to-peer enabled for rank  21 (gpu=1) with neighbor  23 (gpu=3) dir=1, dim=2, access rank = (  0)
Peer-to-peer enabled for rank  22 (gpu=2) with neighbor  23 (gpu=3) dir=0, dim=1, access rank = (  0)
Peer-to-peer enabled for rank  22 (gpu=2) with neighbor  20 (gpu=0) dir=0, dim=2, access rank = (  0)
Peer-to-peer enabled for rank  22 (gpu=2) with neighbor  23 (gpu=3) dir=1, dim=1, access rank = (  0)
Peer-to-peer enabled for rank  22 (gpu=2) with neighbor  20 (gpu=0) dir=1, dim=2, access rank = (  0)
Peer-to-peer enabled for rank  23 (gpu=3) with neighbor  22 (gpu=2) dir=0, dim=1, access rank = (  0)
Peer-to-peer enabled for rank  23 (gpu=3) with neighbor  21 (gpu=1) dir=0, dim=2, access rank = (  0)
Peer-to-peer enabled for rank  23 (gpu=3) with neighbor  22 (gpu=2) dir=1, dim=1, access rank = (  0)
Peer-to-peer enabled for rank  23 (gpu=3) with neighbor  21 (gpu=1) dir=1, dim=2, access rank = (  0)
Peer-to-peer enabled for rank  28 (gpu=0) with neighbor  29 (gpu=1) dir=0, dim=1, access rank = (  0)
Peer-to-peer enabled for rank  28 (gpu=0) with neighbor  30 (gpu=2) dir=0, dim=2, access rank = (  0)
Peer-to-peer enabled for rank  28 (gpu=0) with neighbor  29 (gpu=1) dir=1, dim=1, access rank = (  0)
Peer-to-peer enabled for rank  28 (gpu=0) with neighbor  30 (gpu=2) dir=1, dim=2, access rank = (  0)
Peer-to-peer enabled for rank  29 (gpu=1) with neighbor  28 (gpu=0) dir=0, dim=1, access rank = (  0)
Peer-to-peer enabled for rank  29 (gpu=1) with neighbor  31 (gpu=3) dir=0, dim=2, access rank = (  0)
Peer-to-peer enabled for rank  29 (gpu=1) with neighbor  28 (gpu=0) dir=1, dim=1, access rank = (  0)
Peer-to-peer enabled for rank  29 (gpu=1) with neighbor  31 (gpu=3) dir=1, dim=2, access rank = (  0)
Peer-to-peer enabled for rank  30 (gpu=2) with neighbor  31 (gpu=3) dir=0, dim=1, access rank = (  0)
Peer-to-peer enabled for rank  30 (gpu=2) with neighbor  28 (gpu=0) dir=0, dim=2, access rank = (  0)
Peer-to-peer enabled for rank  30 (gpu=2) with neighbor  31 (gpu=3) dir=1, dim=1, access rank = (  0)
Peer-to-peer enabled for rank  30 (gpu=2) with neighbor  28 (gpu=0) dir=1, dim=2, access rank = (  0)
Peer-to-peer enabled for rank  31 (gpu=3) with neighbor  30 (gpu=2) dir=0, dim=1, access rank = (  0)
Peer-to-peer enabled for rank  31 (gpu=3) with neighbor  29 (gpu=1) dir=0, dim=2, access rank = (  0)
Peer-to-peer enabled for rank  31 (gpu=3) with neighbor  30 (gpu=2) dir=1, dim=1, access rank = (  0)
Peer-to-peer enabled for rank  31 (gpu=3) with neighbor  29 (gpu=1) dir=1, dim=2, access rank = (  0)
Peer-to-peer enabled for rank   8 (gpu=0) with neighbor   9 (gpu=1) dir=0, dim=1, access rank = (  0)
Peer-to-peer enabled for rank   8 (gpu=0) with neighbor  10 (gpu=2) dir=0, dim=2, access rank = (  0)
Peer-to-peer enabled for rank   8 (gpu=0) with neighbor   9 (gpu=1) dir=1, dim=1, access rank = (  0)
Peer-to-peer enabled for rank   8 (gpu=0) with neighbor  10 (gpu=2) dir=1, dim=2, access rank = (  0)
Peer-to-peer enabled for rank  11 (gpu=3) with neighbor  10 (gpu=2) dir=0, dim=1, access rank = (  0)
Peer-to-peer enabled for rank  11 (gpu=3) with neighbor   9 (gpu=1) dir=0, dim=2, access rank = (  0)
Peer-to-peer enabled for rank  11 (gpu=3) with neighbor  10 (gpu=2) dir=1, dim=1, access rank = (  0)
Peer-to-peer enabled for rank  11 (gpu=3) with neighbor   9 (gpu=1) dir=1, dim=2, access rank = (  0)
Peer-to-peer enabled for rank   9 (gpu=1) with neighbor   8 (gpu=0) dir=0, dim=1, access rank = (  0)
Peer-to-peer enabled for rank   9 (gpu=1) with neighbor  11 (gpu=3) dir=0, dim=2, access rank = (  0)
Peer-to-peer enabled for rank   9 (gpu=1) with neighbor   8 (gpu=0) dir=1, dim=1, access rank = (  0)
Peer-to-peer enabled for rank   9 (gpu=1) with neighbor  11 (gpu=3) dir=1, dim=2, access rank = (  0)
Peer-to-peer enabled for rank  10 (gpu=2) with neighbor  11 (gpu=3) dir=0, dim=1, access rank = (  0)
Peer-to-peer enabled for rank  10 (gpu=2) with neighbor   8 (gpu=0) dir=0, dim=2, access rank = (  0)
Peer-to-peer enabled for rank  10 (gpu=2) with neighbor  11 (gpu=3) dir=1, dim=1, access rank = (  0)
Peer-to-peer enabled for rank  10 (gpu=2) with neighbor   8 (gpu=0) dir=1, dim=2, access rank = (  0)
Peer-to-peer enabled for rank  24 (gpu=0) with neighbor  25 (gpu=1) dir=0, dim=1, access rank = (  0)
Peer-to-peer enabled for rank  24 (gpu=0) with neighbor  26 (gpu=2) dir=0, dim=2, access rank = (  0)
Peer-to-peer enabled for rank  24 (gpu=0) with neighbor  25 (gpu=1) dir=1, dim=1, access rank = (  0)
Peer-to-peer enabled for rank  24 (gpu=0) with neighbor  26 (gpu=2) dir=1, dim=2, access rank = (  0)
Peer-to-peer enabled for rank  26 (gpu=2) with neighbor  27 (gpu=3) dir=0, dim=1, access rank = (  0)
Peer-to-peer enabled for rank  26 (gpu=2) with neighbor  24 (gpu=0) dir=0, dim=2, access rank = (  0)
Peer-to-peer enabled for rank  26 (gpu=2) with neighbor  27 (gpu=3) dir=1, dim=1, access rank = (  0)
Peer-to-peer enabled for rank  26 (gpu=2) with neighbor  24 (gpu=0) dir=1, dim=2, access rank = (  0)
Peer-to-peer enabled for rank  27 (gpu=3) with neighbor  26 (gpu=2) dir=0, dim=1, access rank = (  0)
Peer-to-peer enabled for rank  27 (gpu=3) with neighbor  25 (gpu=1) dir=0, dim=2, access rank = (  0)
Peer-to-peer enabled for rank  27 (gpu=3) with neighbor  26 (gpu=2) dir=1, dim=1, access rank = (  0)
Peer-to-peer enabled for rank  27 (gpu=3) with neighbor  25 (gpu=1) dir=1, dim=2, access rank = (  0)
Peer-to-peer enabled for rank  25 (gpu=1) with neighbor  24 (gpu=0) dir=0, dim=1, access rank = (  0)
Peer-to-peer enabled for rank  25 (gpu=1) with neighbor  27 (gpu=3) dir=0, dim=2, access rank = (  0)
Peer-to-peer enabled for rank  25 (gpu=1) with neighbor  24 (gpu=0) dir=1, dim=1, access rank = (  0)
Peer-to-peer enabled for rank  25 (gpu=1) with neighbor  27 (gpu=3) dir=1, dim=2, access rank = (  0)
Peer-to-peer enabled for rank  13 (gpu=1) with neighbor  12 (gpu=0) dir=0, dim=1, access rank = (  0)
Peer-to-peer enabled for rank  13 (gpu=1) with neighbor  15 (gpu=3) dir=0, dim=2, access rank = (  0)
Peer-to-peer enabled for rank  13 (gpu=1) with neighbor  12 (gpu=0) dir=1, dim=1, access rank = (  0)
Peer-to-peer enabled for rank  13 (gpu=1) with neighbor  15 (gpu=3) dir=1, dim=2, access rank = (  0)
Peer-to-peer enabled for rank  15 (gpu=3) with neighbor  14 (gpu=2) dir=0, dim=1, access rank = (  0)
Peer-to-peer enabled for rank  15 (gpu=3) with neighbor  13 (gpu=1) dir=0, dim=2, access rank = (  0)
Peer-to-peer enabled for rank  15 (gpu=3) with neighbor  14 (gpu=2) dir=1, dim=1, access rank = (  0)
Peer-to-peer enabled for rank  15 (gpu=3) with neighbor  13 (gpu=1) dir=1, dim=2, access rank = (  0)
Peer-to-peer enabled for rank  12 (gpu=0) with neighbor  13 (gpu=1) dir=0, dim=1, access rank = (  0)
Peer-to-peer enabled for rank  12 (gpu=0) with neighbor  14 (gpu=2) dir=0, dim=2, access rank = (  0)
Peer-to-peer enabled for rank  12 (gpu=0) with neighbor  13 (gpu=1) dir=1, dim=1, access rank = (  0)
Peer-to-peer enabled for rank  12 (gpu=0) with neighbor  14 (gpu=2) dir=1, dim=2, access rank = (  0)
Peer-to-peer enabled for rank  14 (gpu=2) with neighbor  15 (gpu=3) dir=0, dim=1, access rank = (  0)
Peer-to-peer enabled for rank  14 (gpu=2) with neighbor  12 (gpu=0) dir=0, dim=2, access rank = (  0)
Peer-to-peer enabled for rank  14 (gpu=2) with neighbor  15 (gpu=3) dir=1, dim=1, access rank = (  0)
Peer-to-peer enabled for rank  14 (gpu=2) with neighbor  12 (gpu=0) dir=1, dim=2, access rank = (  0)
Peer-to-peer enabled for rank  17 (gpu=1) with neighbor  16 (gpu=0) dir=0, dim=1, access rank = (  0)
Peer-to-peer enabled for rank  17 (gpu=1) with neighbor  19 (gpu=3) dir=0, dim=2, access rank = (  0)
Peer-to-peer enabled for rank  17 (gpu=1) with neighbor  16 (gpu=0) dir=1, dim=1, access rank = (  0)
Peer-to-peer enabled for rank  17 (gpu=1) with neighbor  19 (gpu=3) dir=1, dim=2, access rank = (  0)
Peer-to-peer enabled for rank  19 (gpu=3) with neighbor  18 (gpu=2) dir=0, dim=1, access rank = (  0)
Peer-to-peer enabled for rank  19 (gpu=3) with neighbor  17 (gpu=1) dir=0, dim=2, access rank = (  0)
Peer-to-peer enabled for rank  19 (gpu=3) with neighbor  18 (gpu=2) dir=1, dim=1, access rank = (  0)
Peer-to-peer enabled for rank  19 (gpu=3) with neighbor  17 (gpu=1) dir=1, dim=2, access rank = (  0)
Peer-to-peer enabled for rank  16 (gpu=0) with neighbor  17 (gpu=1) dir=0, dim=1, access rank = (  0)
Peer-to-peer enabled for rank  16 (gpu=0) with neighbor  18 (gpu=2) dir=0, dim=2, access rank = (  0)
Peer-to-peer enabled for rank  16 (gpu=0) with neighbor  17 (gpu=1) dir=1, dim=1, access rank = (  0)
Peer-to-peer enabled for rank  16 (gpu=0) with neighbor  18 (gpu=2) dir=1, dim=2, access rank = (  0)
Peer-to-peer enabled for rank  18 (gpu=2) with neighbor  19 (gpu=3) dir=0, dim=1, access rank = (  0)
Peer-to-peer enabled for rank  18 (gpu=2) with neighbor  16 (gpu=0) dir=0, dim=2, access rank = (  0)
Peer-to-peer enabled for rank  18 (gpu=2) with neighbor  19 (gpu=3) dir=1, dim=1, access rank = (  0)
Peer-to-peer enabled for rank  18 (gpu=2) with neighbor  16 (gpu=0) dir=1, dim=2, access rank = (  0)

        ------------------------
        -- qdp-jit statistics --
        ------------------------

Memory cache 
  lattice objects copied to host memory:   8
  lattice objects copied to device memory: 4

Pool allocator 
  peak memory usage:                       435053568
Code generator 
  functions jit-compiled:                  76
  total time for IR builder:               0.020686 s
  total time for libm IR linking:          0.061581 s
  total time for IR passes:                0.011282 s
  total time for code generation:          0.368276 s
  total time for dynamic loading:          24.285526 s
Peer-to-peer enabled for rank   1 (gpu=1) with neighbor   0 (gpu=0) dir=0, dim=1, access rank = (  0)
Peer-to-peer enabled for rank   1 (gpu=1) with neighbor   3 (gpu=3) dir=0, dim=2, access rank = (  0)
Peer-to-peer enabled for rank   1 (gpu=1) with neighbor   0 (gpu=0) dir=1, dim=1, access rank = (  0)
Peer-to-peer enabled for rank   1 (gpu=1) with neighbor   3 (gpu=3) dir=1, dim=2, access rank = (  0)
Peer-to-peer enabled for rank   2 (gpu=2) with neighbor   3 (gpu=3) dir=0, dim=1, access rank = (  0)
Peer-to-peer enabled for rank   2 (gpu=2) with neighbor   0 (gpu=0) dir=0, dim=2, access rank = (  0)
Peer-to-peer enabled for rank   2 (gpu=2) with neighbor   3 (gpu=3) dir=1, dim=1, access rank = (  0)
Peer-to-peer enabled for rank   2 (gpu=2) with neighbor   0 (gpu=0) dir=1, dim=2, access rank = (  0)
Peer-to-peer enabled for rank   3 (gpu=3) with neighbor   2 (gpu=2) dir=0, dim=1, access rank = (  0)
Peer-to-peer enabled for rank   3 (gpu=3) with neighbor   1 (gpu=1) dir=0, dim=2, access rank = (  0)
Peer-to-peer enabled for rank   3 (gpu=3) with neighbor   2 (gpu=2) dir=1, dim=1, access rank = (  0)
Peer-to-peer enabled for rank   3 (gpu=3) with neighbor   1 (gpu=1) dir=1, dim=2, access rank = (  0)
Peer-to-peer enabled for rank   4 (gpu=0) with neighbor   5 (gpu=1) dir=0, dim=1, access rank = (  0)
Peer-to-peer enabled for rank   4 (gpu=0) with neighbor   6 (gpu=2) dir=0, dim=2, access rank = (  0)
Peer-to-peer enabled for rank   4 (gpu=0) with neighbor   5 (gpu=1) dir=1, dim=1, access rank = (  0)
Peer-to-peer enabled for rank   4 (gpu=0) with neighbor   6 (gpu=2) dir=1, dim=2, access rank = (  0)
Peer-to-peer enabled for rank   5 (gpu=1) with neighbor   4 (gpu=0) dir=0, dim=1, access rank = (  0)
Peer-to-peer enabled for rank   5 (gpu=1) with neighbor   7 (gpu=3) dir=0, dim=2, access rank = (  0)
Peer-to-peer enabled for rank   5 (gpu=1) with neighbor   4 (gpu=0) dir=1, dim=1, access rank = (  0)
Peer-to-peer enabled for rank   5 (gpu=1) with neighbor   7 (gpu=3) dir=1, dim=2, access rank = (  0)
Peer-to-peer enabled for rank   7 (gpu=3) with neighbor   6 (gpu=2) dir=0, dim=1, access rank = (  0)
Peer-to-peer enabled for rank   7 (gpu=3) with neighbor   5 (gpu=1) dir=0, dim=2, access rank = (  0)
Peer-to-peer enabled for rank   7 (gpu=3) with neighbor   6 (gpu=2) dir=1, dim=1, access rank = (  0)
Peer-to-peer enabled for rank   7 (gpu=3) with neighbor   5 (gpu=1) dir=1, dim=2, access rank = (  0)
Peer-to-peer enabled for rank   6 (gpu=2) with neighbor   7 (gpu=3) dir=0, dim=1, access rank = (  0)
Peer-to-peer enabled for rank   6 (gpu=2) with neighbor   4 (gpu=0) dir=0, dim=2, access rank = (  0)
Peer-to-peer enabled for rank   6 (gpu=2) with neighbor   7 (gpu=3) dir=1, dim=1, access rank = (  0)
Peer-to-peer enabled for rank   6 (gpu=2) with neighbor   4 (gpu=0) dir=1, dim=2, access rank = (  0)
